[892:10972:2021-1-5 9:51:38.483] Main Start
[892:10972:2021-1-5 9:51:38.483] Command line:"C:\Users\ozan\Downloads\Zoom_cm_fo42anktZ9vvrZo4_mOS6b8hhUJD8n9WMbJCMx6xaYlKQse8TAmInJ@-MzfwCWdhM0QS0I5_k4a57d650cce4db20_.exe"  Instance:0xBC0000 Show State:1
[892:10972:2021-1-5 9:51:38.507] C:\
[892:9648:2021-1-5 9:51:38.508] [process_requst] start, url:https://us02web.zoom.us/conf/launch
[892:9648:2021-1-5 9:51:39.706] [req_state_read_status_code] zHttpQueryInfo complete, status:200
[892:9648:2021-1-5 9:51:39.706] [req_state_read_status_code] zHttpQueryInfo complete, status:200 Error: 0
[892:9648:2021-1-5 9:51:39.707] [log_response_content] Content length (1048576 as unknown):1239 , Total read: 1239 , Error No: 0 , Status code: 200
[892:9648:2021-1-5 9:51:39.707] [log_response_content] header:
[892:9648:2021-1-5 9:51:39.707] HTTP/1.1 200 
Date: Tue, 05 Jan 2021 02:51:39 GMT
Content-Type: text/plain;charset=utf-8
Content-Length: 1239
Connection: keep-alive
Server: ZOOM
x-zm-trackingid: WEB_7a320bebf5b80529035058c5455dba66
X-Content-Type-Options: nosniff
Content-Security-Policy: upgrade-insecure-requests; default-src https://*.zoom.us https://zoom.us https://d17o6on0vd932d.cloudfront.net blob: 'self'; script-src 'unsafe-eval' 'unsafe-inline' blob: about: https://ruanshi2.8686c.com https://ajax.aspnetcdn.com/ajax/3.5/MicrosoftAjax.js https://appsforoffice.microsoft.com https://assets.zendesk.com https://autocomplete.demandbase.com https://cdn.wootric.com https://cdncache-a.akamaihd.net https://connect.facebook.net https://consent.trustarc.com https://d.adroll.mgr.consensu.org https://d2b9h3rz4xo53c.cloudfront.net https://d24cgw3uvb9a9h.cloudfront.net https://googleads.g.doubleclick.net https://pi.pardot.com https://s.dcbap.com https://s.ytimg.com https://s3.amazonaws.com https://scout-cdn.salesloft.com https://sealserver.trustwave.com https://secure-cdn.mplxtms.com https://serve2.cheqzone.com https://snap.licdn.com https://sp.analytics.yahoo.com https://static.zdassets.com https://static2.sharepointonline.com https://tag.demandbase.com https://tpc.googlesyndication.com https://tracking.g2crowd.com https://trk.techtarget.com https://www.comeet.co https://www.dropbox.com https://www.google-analytics.com https://static.zoom.com.cn https://www.googleadservices.com/pagead/conversion_async.js https://www.googletagmanager.com/gtm.js https://www.googletagmanager.com/* https://optimize.google.com https://tagmanager.google.com https://www.gstatic.com/recaptcha/releases/ https://www.gstatic.cn/recaptcha/releases/ https://google.com https://docs.google.com https://cse.google.com https://maps.google.com https://www.google.com https://www.recaptcha.net https://linkedin.com https://platform.linkedin.com https://px.ads.linkedin.com https://ads.linkedin.com https://www.youtube.com https://d17o6on0vd932d.cloudfront.net https://www.gstatic.com https://www.gstatic.cn https://fonts.googleapis.com https://hcaptcha.com https://assets.hcaptcha.com https://*.ada.support https://*.adroll.com https://*.hotjar.com https://*.zoom.us https://*.zoomcloudpbx.com https://*.zoomus.cn https://*.zopim.com https://adroll.com https://zoom.us https://apis.google.com https://gstatic.zoom.com.cn 'self'; img-src https: about: blob: data: 'self'; style-src https: safari-extension: chrome-extension: 'unsafe-inline' data: 'self'; font-src https: safari-extension: chrome-extension: blob: data: 'self'; connect-src * about: blob: data: 'self'; media-src * rtmp: blob: data: 'self'; frame-src https: ms-appx-web: zoommtg: zoomus: wvjbscheme: data: 'self'; object-src 'none'; base-uri 'none';
X-FRAME-OPTIONS: SAMEORIGIN
Set-Cookie: zm_aid=""; Domain=.zoom.us; Expires=Thu, 01-Jan-1970 00:00:10 GMT; Path=/; Secure; HttpOnly
Set-Cookie: zm_haid=""; Domain=.zoom.us; Expires=Thu, 01-Jan-1970 00:00:10 GMT; Path=/; Secure; HttpOnly
Set-Cookie: cred=8D8D54411A09CF0EC4AED19A13DE3781; Path=/; Secure; HttpOnly
Set-Cookie: _zm_page_auth=us02_c_xpRcqed_RNGBwOGTIOtW5A; Domain=.zoom.us; Path=/; Secure; HttpOnly
p3p: CP="NOI ADM DEV PSAi COM NAV OUR OTR STP IND DEM"
Set-Cookie: _zm_ssid=us02_c_xLHaLJ9SQ0WvdEe-H91vAg; Domain=.zoom.us; Path=/; Secure; HttpOnly
Set-Cookie: _zm_ctaid=1sjQH6heTTuj48zlZr5ZJA.1609815099512.1e17fa137442ffd50e199ed9a8d32752; Domain=.zoom.us; Expires=Tue, 05-Jan-2021 04:51:39 GMT; Path=/; Secure; HttpOnly
Set-Cookie: _zm_chtaid=197; Domain=.zoom.us; Expires=Tue, 05-Jan-2021 04:51:39 GMT; Path=/; Secure; HttpOnly
Strict-Transport-Security: max-age=31536000; includeSubDomains
X-XSS-Protection: 1; mode=block
Referrer-Policy: strict-origin-when-cross-origin


[892:9648:2021-1-5 9:51:39.707] [process_requst] End for url:https://us02web.zoom.us/conf/launch, return code:200, Error:0, Response content size:1239
[892:10972:2021-1-5 9:51:39.767] [client_has_installed_app] found path:
[892:10972:2021-1-5 9:51:39.767]  ***NULL-POINTER-PLACEHOLDER***
[892:10972:2021-1-5 9:51:39.768] [param_query_local_path] path is: C:\Users\ozan\AppData\Roaming\Zoom\ZoomDownload\ dir create response : 1 system error: 1008
[892:10972:2021-1-5 9:51:39.768] [downloader_run] State:0
[892:2300:2021-1-5 9:51:39.771] [process_requst] start, url:https://us02web.zoom.us/client/latest/Installer.exe
[892:10972:2021-1-5 9:51:39.771] [client_has_installed_app] found path:
[892:10972:2021-1-5 9:51:39.771]  ***NULL-POINTER-PLACEHOLDER***
[892:2300:2021-1-5 9:51:41.184] [req_state_read_status_code] zHttpQueryInfo complete, status:200
[892:2300:2021-1-5 9:51:41.184] [req_state_read_status_code] zHttpQueryInfo complete, status:200 Error: 0
[892:2300:2021-1-5 9:51:41.337] [read_response_file] Status Code:200, content length: 738648, total read: 738648, error code: 0
[892:2300:2021-1-5 9:51:41.371] [process_requst] End for url:https://us02web.zoom.us/client/latest/Installer.exe, return code:200, Error:0, Response content size:0
[892:10972:2021-1-5 9:51:41.381] [handle_download_job_done] Index: 1 Curr index: 1 StatusCode: 200 Error: 0 Response is Empty. 
[892:2300:2021-1-5 9:51:41.417] [process_requst] start, url:https://us02web.zoom.us/client/latest/Zoom.msi
[892:2300:2021-1-5 9:51:42.592] [req_state_read_status_code] zHttpQueryInfo complete, status:200
[892:2300:2021-1-5 9:51:42.592] [req_state_read_status_code] zHttpQueryInfo complete, status:200 Error: 0
[892:10972:2021-1-5 9:51:43.438] [downloader_cancel] State:1
[892:2300:2021-1-5 9:51:43.441] [read_response_file] Status Code:200, content length: 14226749, total read: 4505600, error code: 1011
[892:2300:2021-1-5 9:51:43.460] [process_requst] End for url:https://us02web.zoom.us/client/latest/Zoom.msi, return code:200, Error:1011, Response content size:0
[892:10972:2021-1-5 9:51:43.471] Main End
